Arguments: 
  C:\Program Files\nodejs\node.exe C:\Users\Sidoine\AppData\Roaming\npm\node_modules\yarn\bin\yarn.js install

PATH: 
  C:\ProgramData\Oracle\Java\javapath;C:\Program Files\Oculus\Support\oculus-runtime;C:\Windows\system32;C:\Windows;C:\Windows\System32\Wbem;C:\Windows\System32\WindowsPowerShell\v1.0\;C:\Program Files\Git\cmd;C:\Program Files\Microsoft SQL Server\130\Tools\Binn\;C:\Program Files (x86)\GitExtensions\;C:\Program Files\Microsoft SQL Server\Client SDK\ODBC\110\Tools\Binn\;C:\Program Files (x86)\Microsoft SQL Server\120\Tools\Binn\;C:\Program Files\Microsoft SQL Server\120\Tools\Binn\;C:\Program Files\Microsoft SQL Server\120\DTS\Binn\;C:\Program Files (x86)\Microsoft SQL Server\120\Tools\Binn\ManagementStudio\;C:\Program Files (x86)\Microsoft SQL Server\120\DTS\Binn\;C:\Program Files (x86)\NVIDIA Corporation\PhysX\Common;C:\Program Files (x86)\GtkSharp\2.12\bin;C:\ProgramData\chocolatey\lib\lua52\tools;C:\ProgramData\chocolatey\lib\lua51\tools;C:\WINDOWS\system32;C:\WINDOWS;C:\WINDOWS\System32\Wbem;C:\WINDOWS\System32\WindowsPowerShell\v1.0\;C:\Program Files (x86)\LuaRocks;C:\Program Files\nodejs\;C:\Program Files\dotnet\;C:\Users\Sidoine\.dnx\bin;C:\ProgramData\chocolatey\bin;C:\PostgreSQL\bin;C:\Program Files\kdiff3;C:\Users\Sidoine\AppData\Local\Microsoft\WindowsApps;C:\Users\Sidoine\AppData\Roaming\npm;C:\Program Files\Microsoft VS Code\bin

Yarn version: 
  1.0.2

Node version: 
  7.3.0

Platform: 
  win32 x64

npm manifest: 
  {
    "name": "ovale-ts",
    "version": "1.0.0",
    "description": "",
    "main": "index.js",
    "scripts": {
      "test": "echo \"Error: no test specified\" && exit 1"
    },
    "author": "",
    "license": "ISC",
    "dependencies": {
      "@wowts/lua": "^1.0.4",
      "@wowts/table": "^1.0.0",
      "@wowts/coroutine": "^1.0.0",
      "@wowts/math": "^1.0.0",
      "@wowts/string": "^1.0.0",
      "@wowts/bit": "^1.0.0",
      "@wowts/tslib": "^1.0.0",
      "@wowts/tsaddon": "^1.0.0",
      "@wowts/ace_comm-3.0": "^1.0.0",
      "@wowts/ace_config-3.0": "^1.0.1",
      "@wowts/ace_config_dialog-3.0": "^1.0.1",
      "@wowts/ace_console-3.0": "^1.0.0",
      "@wowts/ace_db-3.0": "^1.0.0",
      "@wowts/ace_db_options-3.0": "^1.0.0",
      "@wowts/ace_event-3.0": "^1.0.0",
      "@wowts/ace_gui-3.0": "^1.0.0",
      "@wowts/ace_locale-3.0": "^1.0.0",
      "@wowts/ace_serializer-3.0": "^1.0.0",
      "@wowts/ace_timer-3.0": "^1.0.0",
      "@wowts/lib_artifact_data-1.0": "^1.0.0",
      "@wowts/lib_babble-creature_type-3.0": "^1.0.0",
      "@wowts/lib_d_b_icon-1.0": "^1.0.0",
      "@wowts/lib_dual_spec-1.0": "^1.0.0",
      "@wowts/lib_range_check-2.0": "^1.0.0",
      "@wowts/lib_text_dump-1.0": "^1.0.0",
      "@wowts/lib_data_broker-1.1": "^1.0.0",
      "@wowts/masque": "^1.0.0",
      "@wowts/recount": "^1.0.0",
      "simulationcraft": "https://github.com/simulationcraft/simc.git/profiles/Tier19P"
    },
    "devDependencies": {
      "typescript": "^2.5.3",
      "tslint": "^5.7.0",
      "@wowts/tstolua": "^1.0.6"
    }
  }

yarn manifest: 
  No manifest

Lockfile: 
  # THIS IS AN AUTOGENERATED FILE. DO NOT EDIT THIS FILE DIRECTLY.
  # yarn lockfile v1
  
  
  "@wowts/ace_comm-3.0@^1.0.0":
    version "1.0.0"
    resolved "https://registry.yarnpkg.com/@wowts/ace_comm-3.0/-/ace_comm-3.0-1.0.0.tgz#2992e71aea80ef657493601587bbbc93414854c3"
    dependencies:
      "@wowts/lua" "^1.0.3"
      "@wowts/tslib" "^1.0.0"
  
  "@wowts/ace_config-3.0@^1.0.1":
    version "1.0.1"
    resolved "https://registry.yarnpkg.com/@wowts/ace_config-3.0/-/ace_config-3.0-1.0.1.tgz#45bef9138ef11846e730b923f7f9654dd2f59dfc"
    dependencies:
      "@wowts/lua" "^1.0.3"
      "@wowts/tslib" "^1.0.0"
  
  "@wowts/ace_config_dialog-3.0@^1.0.1":
    version "1.0.1"
    resolved "https://registry.yarnpkg.com/@wowts/ace_config_dialog-3.0/-/ace_config_dialog-3.0-1.0.1.tgz#6e6e61f0c62393b5deafca1581b63a6cdc2289c4"
    dependencies:
      "@wowts/lua" "^1.0.3"
      "@wowts/tslib" "^1.0.0"
  
  "@wowts/ace_console-3.0@^1.0.0":
    version "1.0.0"
    resolved "https://registry.yarnpkg.com/@wowts/ace_console-3.0/-/ace_console-3.0-1.0.0.tgz#d74f1a3450ab456de25d8d0d25bbae2c11be3a76"
    dependencies:
      "@wowts/lua" "^1.0.3"
      "@wowts/tslib" "^1.0.0"
  
  "@wowts/ace_db-3.0@^1.0.0":
    version "1.0.0"
    resolved "https://registry.yarnpkg.com/@wowts/ace_db-3.0/-/ace_db-3.0-1.0.0.tgz#e251bbf35e474a29a9d6e1b15d2bebdaff632a25"
    dependencies:
      "@wowts/lua" "^1.0.3"
      "@wowts/tslib" "^1.0.0"
  
  "@wowts/ace_db_options-3.0@^1.0.0":
    version "1.0.0"
    resolved "https://registry.yarnpkg.com/@wowts/ace_db_options-3.0/-/ace_db_options-3.0-1.0.0.tgz#20fc01ecb6c1b115089703118e333f2f92aaa5af"
    dependencies:
      "@wowts/ace_db-3.0" "^1.0.0"
      "@wowts/lua" "^1.0.3"
      "@wowts/tslib" "^1.0.0"
  
  "@wowts/ace_event-3.0@^1.0.0":
    version "1.0.0"
    resolved "https://registry.yarnpkg.com/@wowts/ace_event-3.0/-/ace_event-3.0-1.0.0.tgz#e15bd7d965066ca24098d431ae254b72897e6a01"
    dependencies:
      "@wowts/lua" "^1.0.3"
      "@wowts/tsaddon" "^1.0.0"
      "@wowts/tslib" "^1.0.0"
  
  "@wowts/ace_gui-3.0@^1.0.0":
    version "1.0.0"
    resolved "https://registry.yarnpkg.com/@wowts/ace_gui-3.0/-/ace_gui-3.0-1.0.0.tgz#ab129e718613d74a296e63de5fca398bd7f7cc56"
    dependencies:
      "@wowts/lua" "^1.0.3"
      "@wowts/tsaddon" "^1.0.0"
      "@wowts/tslib" "^1.0.0"
  
  "@wowts/ace_locale-3.0@^1.0.0":
    version "1.0.0"
    resolved "https://registry.yarnpkg.com/@wowts/ace_locale-3.0/-/ace_locale-3.0-1.0.0.tgz#a2342a58152979b10fbd1464e1e32ec0ff27eb2d"
    dependencies:
      "@wowts/lua" "^1.0.3"
      "@wowts/tsaddon" "^1.0.0"
      "@wowts/tslib" "^1.0.0"
  
  "@wowts/ace_serializer-3.0@^1.0.0":
    version "1.0.0"
    resolved "https://registry.yarnpkg.com/@wowts/ace_serializer-3.0/-/ace_serializer-3.0-1.0.0.tgz#aa64cd53cf5564e8ca0cabe48d44729756e67a0b"
    dependencies:
      "@wowts/lua" "^1.0.3"
      "@wowts/tsaddon" "^1.0.0"
      "@wowts/tslib" "^1.0.0"
  
  "@wowts/ace_timer-3.0@^1.0.0":
    version "1.0.0"
    resolved "https://registry.yarnpkg.com/@wowts/ace_timer-3.0/-/ace_timer-3.0-1.0.0.tgz#9b85dbfcda39b6b11aa054b3f81e45485b71771e"
    dependencies:
      "@wowts/lua" "^1.0.3"
      "@wowts/tsaddon" "^1.0.0"
      "@wowts/tslib" "^1.0.0"
  
  "@wowts/bit@^1.0.0":
    version "1.0.0"
    resolved "https://registry.yarnpkg.com/@wowts/bit/-/bit-1.0.0.tgz#3e5587292589d2b2a10cfd948e0fc754f58fe5f3"
  
  "@wowts/coroutine@^1.0.0":
    version "1.0.0"
    resolved "https://registry.yarnpkg.com/@wowts/coroutine/-/coroutine-1.0.0.tgz#8b797f2cf2e89123b0a568ea329f6d83dee39e77"
  
  "@wowts/lib_artifact_data-1.0@^1.0.0":
    version "1.0.0"
    resolved "https://registry.yarnpkg.com/@wowts/lib_artifact_data-1.0/-/lib_artifact_data-1.0-1.0.0.tgz#72e71f25d876d15461ff6e97e83065d9d86db11b"
    dependencies:
      "@wowts/lua" "^1.0.3"
      "@wowts/tsaddon" "^1.0.0"
      "@wowts/tslib" "^1.0.0"
  
  "@wowts/lib_babble-creature_type-3.0@^1.0.0":
    version "1.0.0"
    resolved "https://registry.yarnpkg.com/@wowts/lib_babble-creature_type-3.0/-/lib_babble-creature_type-3.0-1.0.0.tgz#e69d4ae3811bb50fc2498217941a5f1a2e783c70"
    dependencies:
      "@wowts/lua" "^1.0.3"
      "@wowts/tsaddon" "^1.0.0"
      "@wowts/tslib" "^1.0.0"
  
  "@wowts/lib_d_b_icon-1.0@^1.0.0":
    version "1.0.0"
    resolved "https://registry.yarnpkg.com/@wowts/lib_d_b_icon-1.0/-/lib_d_b_icon-1.0-1.0.0.tgz#fa07143cb6846ea3c0603c98c5e59d4fd25a92af"
    dependencies:
      "@wowts/lua" "^1.0.3"
      "@wowts/tsaddon" "^1.0.0"
      "@wowts/tslib" "^1.0.0"
  
  "@wowts/lib_data_broker-1.1@^1.0.0":
    version "1.0.0"
    resolved "https://registry.yarnpkg.com/@wowts/lib_data_broker-1.1/-/lib_data_broker-1.1-1.0.0.tgz#497cc92bcc2fc5f140007d90f62f50a512db7bc6"
    dependencies:
      "@wowts/lua" "^1.0.3"
      "@wowts/tsaddon" "^1.0.0"
      "@wowts/tslib" "^1.0.0"
  
  "@wowts/lib_dual_spec-1.0@^1.0.0":
    version "1.0.0"
    resolved "https://registry.yarnpkg.com/@wowts/lib_dual_spec-1.0/-/lib_dual_spec-1.0-1.0.0.tgz#dd5758f611409c0325294b4cfc7292f431b238d7"
    dependencies:
      "@wowts/lua" "^1.0.3"
      "@wowts/tsaddon" "^1.0.0"
      "@wowts/tslib" "^1.0.0"
  
  "@wowts/lib_range_check-2.0@^1.0.0":
    version "1.0.0"
    resolved "https://registry.yarnpkg.com/@wowts/lib_range_check-2.0/-/lib_range_check-2.0-1.0.0.tgz#86e96afc771f23099985216e87d2ca23aca70656"
    dependencies:
      "@wowts/lua" "^1.0.3"
      "@wowts/tsaddon" "^1.0.0"
      "@wowts/tslib" "^1.0.0"
  
  "@wowts/lib_text_dump-1.0@^1.0.0":
    version "1.0.0"
    resolved "https://registry.yarnpkg.com/@wowts/lib_text_dump-1.0/-/lib_text_dump-1.0-1.0.0.tgz#c84da04ac55bfea256c9a4cd93fa25d62067908e"
    dependencies:
      "@wowts/lua" "^1.0.3"
      "@wowts/tsaddon" "^1.0.0"
      "@wowts/tslib" "^1.0.0"
  
  "@wowts/lua@^1.0.2", "@wowts/lua@^1.0.3":
    version "1.0.3"
    resolved "https://registry.yarnpkg.com/@wowts/lua/-/lua-1.0.3.tgz#3e75d1ad1dac3095021d24e4a3a319dc27a7bbc8"
  
  "@wowts/lua@^1.0.4":
    version "1.0.4"
    resolved "https://registry.yarnpkg.com/@wowts/lua/-/lua-1.0.4.tgz#8fd6e82c0ca3a62a5f3076a7cc4071043f6ff476"
  
  "@wowts/masque@^1.0.0":
    version "1.0.0"
    resolved "https://registry.yarnpkg.com/@wowts/masque/-/masque-1.0.0.tgz#5f66b1cbefb09c81424bbfb9e3e0a3234dd91c76"
    dependencies:
      "@wowts/lua" "^1.0.3"
      "@wowts/tsaddon" "^1.0.0"
      "@wowts/tslib" "^1.0.0"
      "@wowts/wow-mock" "^1.0.1"
  
  "@wowts/math@^1.0.0":
    version "1.0.0"
    resolved "https://registry.yarnpkg.com/@wowts/math/-/math-1.0.0.tgz#7c81bb86d025732603d1bdd2ed03bb2bd82cb0e9"
  
  "@wowts/recount@^1.0.0":
    version "1.0.0"
    resolved "https://registry.yarnpkg.com/@wowts/recount/-/recount-1.0.0.tgz#77cadaef64fc56c8d80fed98b9d387e4857b175e"
    dependencies:
      "@wowts/lua" "^1.0.3"
      "@wowts/tsaddon" "^1.0.0"
      "@wowts/tslib" "^1.0.0"
      "@wowts/wow-mock" "^1.0.1"
  
  "@wowts/string@^1.0.0":
    version "1.0.0"
    resolved "https://registry.yarnpkg.com/@wowts/string/-/string-1.0.0.tgz#4994965fa11b2c73c2b9f832bdba704c0423655f"
    dependencies:
      "@wowts/coroutine" "^1.0.0"
  
  "@wowts/table@^1.0.0":
    version "1.0.0"
    resolved "https://registry.yarnpkg.com/@wowts/table/-/table-1.0.0.tgz#745ac84dc12dfbec7fd9c9ef1574576ded569fed"
    dependencies:
      "@wowts/lua" "^1.0.2"
  
  "@wowts/tsaddon@^1.0.0":
    version "1.0.0"
    resolved "https://registry.yarnpkg.com/@wowts/tsaddon/-/tsaddon-1.0.0.tgz#4994e22c93be50b069bdd51bc49941ac84ce9266"
    dependencies:
      "@wowts/lua" "^1.0.3"
      "@wowts/table" "^1.0.0"
      "@wowts/tslib" "^1.0.0"
      "@wowts/wow-mock" "^1.0.1"
  
  "@wowts/tslib@^1.0.0":
    version "1.0.0"
    resolved "https://registry.yarnpkg.com/@wowts/tslib/-/tslib-1.0.0.tgz#278bf29a3fbb955e19f612fcf10908183f82fea0"
    dependencies:
      "@wowts/lua" "^1.0.3"
  
  "@wowts/tstolua@^1.0.6":
    version "1.0.6"
    resolved "https://registry.yarnpkg.com/@wowts/tstolua/-/tstolua-1.0.6.tgz#16ebf6dd88addfbad4039627d291112bab85bb2d"
    dependencies:
      commander "^2.11.0"
      typescript "^2.5.3"
  
  "@wowts/wow-mock@^1.0.1":
    version "1.0.1"
    resolved "https://registry.yarnpkg.com/@wowts/wow-mock/-/wow-mock-1.0.1.tgz#05006a65383554784265f95ebd2cc9c8e1a47b72"
    dependencies:
      "@wowts/lua" "^1.0.2"
  
  ansi-regex@^2.0.0:
    version "2.1.1"
    resolved "https://registry.yarnpkg.com/ansi-regex/-/ansi-regex-2.1.1.tgz#c3b33ab5ee360d86e0e628f0468ae7ef27d654df"
  
  ansi-styles@^2.2.1:
    version "2.2.1"
    resolved "https://registry.yarnpkg.com/ansi-styles/-/ansi-styles-2.2.1.tgz#b432dd3358b634cf75e1e4664368240533c1ddbe"
  
  babel-code-frame@^6.22.0:
    version "6.26.0"
    resolved "https://registry.yarnpkg.com/babel-code-frame/-/babel-code-frame-6.26.0.tgz#63fd43f7dc1e3bb7ce35947db8fe369a3f58c74b"
    dependencies:
      chalk "^1.1.3"
      esutils "^2.0.2"
      js-tokens "^3.0.2"
  
  balanced-match@^1.0.0:
    version "1.0.0"
    resolved "https://registry.yarnpkg.com/balanced-match/-/balanced-match-1.0.0.tgz#89b4d199ab2bee49de164ea02b89ce462d71b767"
  
  brace-expansion@^1.1.7:
    version "1.1.8"
    resolved "https://registry.yarnpkg.com/brace-expansion/-/brace-expansion-1.1.8.tgz#c07b211c7c952ec1f8efd51a77ef0d1d3990a292"
    dependencies:
      balanced-match "^1.0.0"
      concat-map "0.0.1"
  
  chalk@^1.1.3:
    version "1.1.3"
    resolved "https://registry.yarnpkg.com/chalk/-/chalk-1.1.3.tgz#a8115c55e4a702fe4d150abd3872822a7e09fc98"
    dependencies:
      ansi-styles "^2.2.1"
      escape-string-regexp "^1.0.2"
      has-ansi "^2.0.0"
      strip-ansi "^3.0.0"
      supports-color "^2.0.0"
  
  colors@^1.1.2:
    version "1.1.2"
    resolved "https://registry.yarnpkg.com/colors/-/colors-1.1.2.tgz#168a4701756b6a7f51a12ce0c97bfa28c084ed63"
  
  commander@^2.11.0, commander@^2.9.0:
    version "2.11.0"
    resolved "https://registry.yarnpkg.com/commander/-/commander-2.11.0.tgz#157152fd1e7a6c8d98a5b715cf376df928004563"
  
  concat-map@0.0.1:
    version "0.0.1"
    resolved "https://registry.yarnpkg.com/concat-map/-/concat-map-0.0.1.tgz#d8a96bd77fd68df7793a73036a3ba0d5405d477b"
  
  diff@^3.2.0:
    version "3.3.1"
    resolved "https://registry.yarnpkg.com/diff/-/diff-3.3.1.tgz#aa8567a6eed03c531fc89d3f711cd0e5259dec75"
  
  escape-string-regexp@^1.0.2:
    version "1.0.5"
    resolved "https://registry.yarnpkg.com/escape-string-regexp/-/escape-string-regexp-1.0.5.tgz#1b61c0562190a8dff6ae3bb2cf0200ca130b86d4"
  
  esutils@^2.0.2:
    version "2.0.2"
    resolved "https://registry.yarnpkg.com/esutils/-/esutils-2.0.2.tgz#0abf4f1caa5bcb1f7a9d8acc6dea4faaa04bac9b"
  
  fs.realpath@^1.0.0:
    version "1.0.0"
    resolved "https://registry.yarnpkg.com/fs.realpath/-/fs.realpath-1.0.0.tgz#1504ad2523158caa40db4a2787cb01411994ea4f"
  
  glob@^7.1.1:
    version "7.1.2"
    resolved "https://registry.yarnpkg.com/glob/-/glob-7.1.2.tgz#c19c9df9a028702d678612384a6552404c636d15"
    dependencies:
      fs.realpath "^1.0.0"
      inflight "^1.0.4"
      inherits "2"
      minimatch "^3.0.4"
      once "^1.3.0"
      path-is-absolute "^1.0.0"
  
  has-ansi@^2.0.0:
    version "2.0.0"
    resolved "https://registry.yarnpkg.com/has-ansi/-/has-ansi-2.0.0.tgz#34f5049ce1ecdf2b0649af3ef24e45ed35416d91"
    dependencies:
      ansi-regex "^2.0.0"
  
  inflight@^1.0.4:
    version "1.0.6"
    resolved "https://registry.yarnpkg.com/inflight/-/inflight-1.0.6.tgz#49bd6331d7d02d0c09bc910a1075ba8165b56df9"
    dependencies:
      once "^1.3.0"
      wrappy "1"
  
  inherits@2:
    version "2.0.3"
    resolved "https://registry.yarnpkg.com/inherits/-/inherits-2.0.3.tgz#633c2c83e3da42a502f52466022480f4208261de"
  
  js-tokens@^3.0.2:
    version "3.0.2"
    resolved "https://registry.yarnpkg.com/js-tokens/-/js-tokens-3.0.2.tgz#9866df395102130e38f7f996bceb65443209c25b"
  
  minimatch@^3.0.4:
    version "3.0.4"
    resolved "https://registry.yarnpkg.com/minimatch/-/minimatch-3.0.4.tgz#5166e286457f03306064be5497e8dbb0c3d32083"
    dependencies:
      brace-expansion "^1.1.7"
  
  once@^1.3.0:
    version "1.4.0"
    resolved "https://registry.yarnpkg.com/once/-/once-1.4.0.tgz#583b1aa775961d4b113ac17d9c50baef9dd76bd1"
    dependencies:
      wrappy "1"
  
  path-is-absolute@^1.0.0:
    version "1.0.1"
    resolved "https://registry.yarnpkg.com/path-is-absolute/-/path-is-absolute-1.0.1.tgz#174b9268735534ffbc7ace6bf53a5a9e1b5c5f5f"
  
  path-parse@^1.0.5:
    version "1.0.5"
    resolved "https://registry.yarnpkg.com/path-parse/-/path-parse-1.0.5.tgz#3c1adf871ea9cd6c9431b6ea2bd74a0ff055c4c1"
  
  resolve@^1.3.2:
    version "1.4.0"
    resolved "https://registry.yarnpkg.com/resolve/-/resolve-1.4.0.tgz#a75be01c53da25d934a98ebd0e4c4a7312f92a86"
    dependencies:
      path-parse "^1.0.5"
  
  semver@^5.3.0:
    version "5.4.1"
    resolved "https://registry.yarnpkg.com/semver/-/semver-5.4.1.tgz#e059c09d8571f0540823733433505d3a2f00b18e"
  
  strip-ansi@^3.0.0:
    version "3.0.1"
    resolved "https://registry.yarnpkg.com/strip-ansi/-/strip-ansi-3.0.1.tgz#6a385fb8853d952d5ff05d0e8aaf94278dc63dcf"
    dependencies:
      ansi-regex "^2.0.0"
  
  supports-color@^2.0.0:
    version "2.0.0"
    resolved "https://registry.yarnpkg.com/supports-color/-/supports-color-2.0.0.tgz#535d045ce6b6363fa40117084629995e9df324c7"
  
  tslib@^1.7.1:
    version "1.7.1"
    resolved "https://registry.yarnpkg.com/tslib/-/tslib-1.7.1.tgz#bc8004164691923a79fe8378bbeb3da2017538ec"
  
  tslint@^5.7.0:
    version "5.7.0"
    resolved "https://registry.yarnpkg.com/tslint/-/tslint-5.7.0.tgz#c25e0d0c92fa1201c2bc30e844e08e682b4f3552"
    dependencies:
      babel-code-frame "^6.22.0"
      colors "^1.1.2"
      commander "^2.9.0"
      diff "^3.2.0"
      glob "^7.1.1"
      minimatch "^3.0.4"
      resolve "^1.3.2"
      semver "^5.3.0"
      tslib "^1.7.1"
      tsutils "^2.8.1"
  
  tsutils@^2.8.1:
    version "2.12.0"
    resolved "https://registry.yarnpkg.com/tsutils/-/tsutils-2.12.0.tgz#c892a84c8f2f8de13f8ef32c2c5c38b457cceac6"
    dependencies:
      tslib "^1.7.1"
  
  typescript@^2.5.3:
    version "2.5.3"
    resolved "https://registry.yarnpkg.com/typescript/-/typescript-2.5.3.tgz#df3dcdc38f3beb800d4bc322646b04a3f6ca7f0d"
  
  wrappy@1:
    version "1.0.2"
    resolved "https://registry.yarnpkg.com/wrappy/-/wrappy-1.0.2.tgz#b5243d8f3ec1aa35f1364605bc0d1036e30ab69f"

Trace: 
  Error: https://github.com/simulationcraft/simc.git/profiles/Tier19P: Request failed "404 Not Found"
      at Request.<anonymous> (C:\Users\Sidoine\AppData\Roaming\npm\node_modules\yarn\lib\cli.js:57665:26)
      at emitOne (events.js:96:13)
      at Request.emit (events.js:188:7)
      at Request.module.exports.Request.onRequestResponse (C:\Users\Sidoine\AppData\Roaming\npm\node_modules\yarn\lib\cli.js:118256:10)
      at emitOne (events.js:96:13)
      at ClientRequest.emit (events.js:188:7)
      at HTTPParser.parserOnIncomingClient [as onIncoming] (_http_client.js:473:21)
      at HTTPParser.parserOnHeadersComplete (_http_common.js:99:23)
      at TLSSocket.socketOnData (_http_client.js:362:20)
      at emitOne (events.js:96:13)
